HZAU10-20/app/build/outputs/apk/manifest-merger-debug-report.txt
-- Merging decision tree log ---
manifest
ADDED from AndroidManifest.xml:2:1
	package
		ADDED from AndroidManifest.xml:3:5
		INJECTED from AndroidManifest.xml:0:0
		INJECTED from AndroidManifest.xml:0:0
	android:versionName
		ADDED from AndroidManifest.xml:5:5
	android:versionCode
		ADDED from AndroidManifest.xml:4:5
		INJECTED from AndroidManifest.xml:0:0
		INJECTED from AndroidManifest.xml:0:0
	xmlns:android
		ADDED from AndroidManifest.xml:2:11
uses-sdk
ADDED from AndroidManifest.xml:7:5
MERGED from com.android.support:support-v4:21.0.2:15:5
	android:targetSdkVersion
		ADDED from AndroidManifest.xml:9:9
		INJECTED from AndroidManifest.xml:0:0
		INJECTED from AndroidManifest.xml:0:0
	android:minSdkVersion
		ADDED from AndroidManifest.xml:8:9
		INJECTED from AndroidManifest.xml:0:0
		INJECTED from AndroidManifest.xml:0:0
application
ADDED from AndroidManifest.xml:11:5
MERGED from com.android.support:support-v4:21.0.2:16:5
	android:label
		ADDED from AndroidManifest.xml:14:9
	android:allowBackup
		ADDED from AndroidManifest.xml:12:9
	android:icon
		ADDED from AndroidManifest.xml:13:9
	android:theme
		ADDED from AndroidManifest.xml:15:9
activity#com.example.love_hzau.MainActivity
ADDED from AndroidManifest.xml:16:9
	android:label
		ADDED from AndroidManifest.xml:18:13
	android:name
		ADDED from AndroidManifest.xml:17:13
activity#com.example.love_hzau.StartAnimation
ADDED from AndroidManifest.xml:21:9
	android:name
		ADDED from AndroidManifest.xml:21:19
intent-filter#android.intent.action.MAIN+android.intent.category.LAUNCHER
ADDED from AndroidManifest.xml:22:13
action#android.intent.action.MAIN
ADDED from AndroidManifest.xml:23:17
	android:name
		ADDED from AndroidManifest.xml:23:25
category#android.intent.category.LAUNCHER
ADDED from AndroidManifest.xml:25:17
	android:name
		ADDED from AndroidManifest.xml:25:27
activity#com.example.love_hzau.function.CampusCulture
ADDED from AndroidManifest.xml:28:9
	android:name
		ADDED from AndroidManifest.xml:28:19
activity#com.example.love_hzau.function.CampusMessage
ADDED from AndroidManifest.xml:29:9
	android:name
		ADDED from AndroidManifest.xml:29:19
activity#com.example.love_hzau.function.HzauHistory
ADDED from AndroidManifest.xml:30:9
	android:name
		ADDED from AndroidManifest.xml:30:19
activity#com.example.love_hzau.function.LionPlatfrom
ADDED from AndroidManifest.xml:31:9
	android:name
		ADDED from AndroidManifest.xml:31:19
activity#com.example.love_hzau.function.EducationMessage
ADDED from AndroidManifest.xml:32:9
	android:name
		ADDED from AndroidManifest.xml:32:19
activity#com.example.love_hzau.function.Announcement
ADDED from AndroidManifest.xml:33:9
	android:name
		ADDED from AndroidManifest.xml:33:19
activity#com.example.love_hzau.function.TextInformation
ADDED from AndroidManifest.xml:34:9
	android:name
		ADDED from AndroidManifest.xml:34:19
activity#com.example.love_hzau.function.DepartmentPhone
ADDED from AndroidManifest.xml:35:9
	android:name
		ADDED from AndroidManifest.xml:35:19
activity#com.example.love_hzau.function.DownloadPart
ADDED from AndroidManifest.xml:36:9
	android:name
		ADDED from AndroidManifest.xml:36:19
activity#com.example.love_hzau.function.SchoolCalendar
ADDED from AndroidManifest.xml:37:9
	android:name
		ADDED from AndroidManifest.xml:37:19
activity#com.example.love_hzau.function.UndergraduateCourse
ADDED from AndroidManifest.xml:38:9
	android:name
		ADDED from AndroidManifest.xml:38:19
activity#com.example.love_hzau.function.Postgraduate
ADDED from AndroidManifest.xml:39:9
	android:name
		ADDED from AndroidManifest.xml:39:19
activity#com.example.love_hzau.function.Examination
ADDED from AndroidManifest.xml:40:9
	android:name
		ADDED from AndroidManifest.xml:40:19
activity#com.example.love_hzau.function.QueryMore
ADDED from AndroidManifest.xml:41:9
	android:name
		ADDED from AndroidManifest.xml:41:19
activity#com.example.love_hzau.function.Update
ADDED from AndroidManifest.xml:42:9
	android:name
		ADDED from AndroidManifest.xml:42:19
activity#com.example.love_hzau.function.AboutUs
ADDED from AndroidManifest.xml:43:9
	android:name
		ADDED from AndroidManifest.xml:43:19
activity#com.example.love_hzau.function.NightMode
ADDED from AndroidManifest.xml:44:9
	android:name
		ADDED from AndroidManifest.xml:44:19